<?xml version="1.0" encoding="UTF-8"?>
<testsuite name="com.thoughtworks.rectangle.RectangleTest" tests="2" skipped="0" failures="0" errors="0" timestamp="2022-06-19T10:04:55" hostname="gurushifu-gurushifugitp-laf4req7tfa" time="0.013">
  <properties/>
  <testcase name="shouldReturnAreaWhenPassedLengthAndBreadth()" classname="com.thoughtworks.rectangle.RectangleTest" time="0.012"/>
  <testcase name="shouldReturnPerimeterWhenPassedLengthAndBreadth()" classname="com.thoughtworks.rectangle.RectangleTest" time="0.001"/>
  <system-out><![CDATA[]]></system-out>
  <system-err><![CDATA[]]></system-err>
</testsuite>
